<?xml version="1.0" encoding="UTF-8"?>
<!-- Generated by org.testng.reporters.JUnitReportReporter -->
<testsuite hostname="UMESH-PC" name="com.qa.test.PutApiTest" tests="1" failures="0" timestamp="21 Jan 2018 15:59:31 GMT" time="4.023" errors="0">
  <testcase name="putAPITest" time="4.023" classname="com.qa.test.PutApiTest"/>
</testsuite> <!-- com.qa.test.PutApiTest -->
