<?xml version="1.0" encoding="UTF-8"?>
<!-- Generated by org.testng.reporters.JUnitReportReporter -->
<testsuite hostname="UMESH-PC" name="com.qa.test.DeleteApiTest" tests="1" failures="0" timestamp="21 Jan 2018 16:00:24 GMT" time="1.870" errors="0">
  <testcase name="deleteAPITest" time="1.870" classname="com.qa.test.DeleteApiTest"/>
</testsuite> <!-- com.qa.test.DeleteApiTest -->
