<?xml version="1.0" encoding="UTF-8"?>
<!-- Generated by org.testng.reporters.JUnitReportReporter -->
<testsuite hostname="UMESH-PC" name="com.qa.test.GetApiTest" tests="2" failures="0" timestamp="22 Jan 2018 03:51:28 GMT" time="1.975" errors="0">
  <testcase name="getApiTestWithoutHeader" time="1.419" classname="com.qa.test.GetApiTest"/>
  <testcase name="getApiTestWithHeader" time="0.556" classname="com.qa.test.GetApiTest"/>
</testsuite> <!-- com.qa.test.GetApiTest -->
