<?xml version="1.0" encoding="UTF-8"?>
<!-- Generated by org.testng.reporters.JUnitReportReporter -->
<testsuite hostname="UMESH-PC" name="com.qa.test.PostApiTest" tests="1" failures="0" timestamp="22 Jan 2018 03:52:15 GMT" time="1.369" errors="0">
  <testcase name="postAPITest" time="1.369" classname="com.qa.test.PostApiTest"/>
</testsuite> <!-- com.qa.test.PostApiTest -->
